[2020-01-26 15:23:40] [main] INFO  o.s.t.c.s.AbstractContextLoader - Could not detect default resource locations for test class [com.bpwizard.boot.integration.CucumberRoot]: no resource found for suffixes {-context.xml, Context.groovy}.
[2020-01-26 15:23:41] [main] INFO  o.s.b.t.c.SpringBootTestContextBootstrapper - Loaded default TestExecutionListener class names from location [META-INF/spring.factories]: [org.springframework.boot.test.mock.mockito.MockitoTestExecutionListener, org.springframework.boot.test.mock.mockito.ResetMocksTestExecutionListener, org.springframework.boot.test.autoconfigure.restdocs.RestDocsTestExecutionListener, org.springframework.boot.test.autoconfigure.web.client.MockRestServiceServerResetTestExecutionListener, org.springframework.boot.test.autoconfigure.web.servlet.MockMvcPrintOnlyOnFailureTestExecutionListener, org.springframework.boot.test.autoconfigure.web.servlet.WebDriverTestExecutionListener, org.springframework.test.context.web.ServletTestExecutionListener, org.springframework.test.context.support.DirtiesContextBeforeModesTestExecutionListener, org.springframework.test.context.support.DependencyInjectionTestExecutionListener, org.springframework.test.context.support.DirtiesContextTestExecutionListener, org.springframework.test.context.transaction.TransactionalTestExecutionListener, org.springframework.test.context.jdbc.SqlScriptsTestExecutionListener, org.springframework.test.context.event.EventPublishingTestExecutionListener]
[2020-01-26 15:23:41] [main] INFO  o.s.b.t.c.SpringBootTestContextBootstrapper - Using TestExecutionListeners: [org.springframework.test.context.web.ServletTestExecutionListener@712ca57b, org.springframework.test.context.support.DirtiesContextBeforeModesTestExecutionListener@4564e94b, org.springframework.boot.test.mock.mockito.MockitoTestExecutionListener@54534abf, org.springframework.boot.test.autoconfigure.SpringBootDependencyInjectionTestExecutionListener@51745f40, org.springframework.test.context.support.DirtiesContextTestExecutionListener@45673f68, org.springframework.test.context.transaction.TransactionalTestExecutionListener@27abb83e, org.springframework.test.context.jdbc.SqlScriptsTestExecutionListener@69e308c6, org.springframework.test.context.event.EventPublishingTestExecutionListener@1a1ed4e5, org.springframework.boot.test.mock.mockito.ResetMocksTestExecutionListener@667e34b1, org.springframework.boot.test.autoconfigure.restdocs.RestDocsTestExecutionListener@1c6e0a08, org.springframework.boot.test.autoconfigure.web.client.MockRestServiceServerResetTestExecutionListener@6dba847b, org.springframework.boot.test.autoconfigure.web.servlet.MockMvcPrintOnlyOnFailureTestExecutionListener@1efdcd5, org.springframework.boot.test.autoconfigure.web.servlet.WebDriverTestExecutionListener@1623bbe5]
[2020-01-26 15:23:41] [main] INFO  c.b.boot.integration.GetVersionStep - Starting GetVersionStep on DESKTOP-4MFQ21B with PID 18660 (started by fli in C:\projects\jenkins\boot-pipeline)
[2020-01-26 15:23:41] [main] INFO  c.b.boot.integration.GetVersionStep - The following profiles are active: INTEGRATION_TEST
[2020-01-26 15:23:42] [main] INFO  o.s.d.r.c.RepositoryConfigurationDelegate - Bootstrapping Spring Data JPA repositories in DEFAULT mode.
[2020-01-26 15:23:42] [main] INFO  o.s.d.r.c.RepositoryConfigurationDelegate - Finished Spring Data repository scanning in 59ms. Found 1 JPA repository interfaces.
[2020-01-26 15:23:43] [main] INFO  o.s.c.s.PostProcessorRegistrationDelegate$BeanPostProcessorChecker - Bean 'org.springframework.retry.annotation.RetryConfiguration' of type [org.springframework.retry.annotation.RetryConfiguration$$EnhancerBySpringCGLIB$$a143cbc8] is not eligible for getting processed by all BeanPostProcessors (for example: not eligible for auto-proxying)
[2020-01-26 15:23:43] [main] INFO  o.s.c.s.PostProcessorRegistrationDelegate$BeanPostProcessorChecker - Bean 'org.springframework.transaction.annotation.ProxyTransactionManagementConfiguration' of type [org.springframework.transaction.annotation.ProxyTransactionManagementConfiguration] is not eligible for getting processed by all BeanPostProcessors (for example: not eligible for auto-proxying)
[2020-01-26 15:23:43] [main] INFO  o.s.b.w.e.tomcat.TomcatWebServer - Tomcat initialized with port(s): 0 (http)
[2020-01-26 15:23:43] [main] INFO  o.a.coyote.http11.Http11NioProtocol - Initializing ProtocolHandler ["http-nio-auto-1"]
[2020-01-26 15:23:43] [main] INFO  o.a.catalina.core.StandardService - Starting service [Tomcat]
[2020-01-26 15:23:43] [main] INFO  o.a.catalina.core.StandardEngine - Starting Servlet engine: [Apache Tomcat/9.0.29]
[2020-01-26 15:23:44] [main] INFO  o.a.c.c.C.[Tomcat].[localhost].[/] - Initializing Spring embedded WebApplicationContext
[2020-01-26 15:23:44] [main] INFO  o.s.web.context.ContextLoader - Root WebApplicationContext: initialization completed in 2634 ms
[2020-01-26 15:23:44] [main] INFO  o.h.jpa.internal.util.LogHelper - HHH000204: Processing PersistenceUnitInfo [name: default]
[2020-01-26 15:23:44] [main] INFO  org.hibernate.Version - HHH000412: Hibernate Core {5.4.9.Final}
[2020-01-26 15:23:45] [main] INFO  o.h.annotations.common.Version - HCANN000001: Hibernate Commons Annotations {5.1.0.Final}
[2020-01-26 15:23:45] [main] INFO  com.zaxxer.hikari.HikariDataSource - HikariPool-1 - Starting...
[2020-01-26 15:23:45] [main] INFO  com.zaxxer.hikari.HikariDataSource - HikariPool-1 - Start completed.
[2020-01-26 15:23:45] [main] INFO  org.hibernate.dialect.Dialect - HHH000400: Using dialect: org.hibernate.dialect.H2Dialect
[2020-01-26 15:23:46] [main] INFO  o.h.e.t.j.p.i.JtaPlatformInitiator - HHH000490: Using JtaPlatform implementation: [org.hibernate.engine.transaction.jta.platform.internal.NoJtaPlatform]
[2020-01-26 15:23:46] [main] INFO  o.s.o.j.LocalContainerEntityManagerFactoryBean - Initialized JPA EntityManagerFactory for persistence unit 'default'
[2020-01-26 15:23:47] [main] WARN  o.s.b.a.o.j.JpaBaseConfiguration$JpaWebConfiguration - spring.jpa.open-in-view is enabled by default. Therefore, database queries may be performed during view rendering. Explicitly configure spring.jpa.open-in-view to disable this warning
[2020-01-26 15:23:47] [main] INFO  o.s.b.a.e.web.EndpointLinksResolver - Exposing 2 endpoint(s) beneath base path '/actuator'
[2020-01-26 15:23:47] [main] INFO  s.d.s.w.PropertySourcedRequestMappingHandlerMapping - Mapped URL path [/v2/api-docs] onto method [springfox.documentation.swagger2.web.Swagger2Controller#getDocumentation(String, HttpServletRequest)]
[2020-01-26 15:23:47] [main] INFO  o.s.s.c.ThreadPoolTaskExecutor - Initializing ExecutorService 'applicationTaskExecutor'
[2020-01-26 15:23:48] [main] INFO  o.s.s.c.ThreadPoolTaskScheduler - Initializing ExecutorService 'taskScheduler'
[2020-01-26 15:23:48] [main] INFO  s.d.s.w.p.DocumentationPluginsBootstrapper - Context refreshed
[2020-01-26 15:23:48] [main] INFO  s.d.s.w.p.DocumentationPluginsBootstrapper - Found 1 custom documentation plugin(s)
[2020-01-26 15:23:48] [main] INFO  s.d.s.w.s.ApiListingReferenceScanner - Scanning for api listing references
[2020-01-26 15:23:48] [main] INFO  s.d.s.w.r.o.CachingOperationNameGenerator - Generating unique operation named: handleUsingGET_1
[2020-01-26 15:23:48] [main] INFO  s.d.s.w.r.o.CachingOperationNameGenerator - Generating unique operation named: handleUsingGET_2
[2020-01-26 15:23:48] [main] INFO  o.a.coyote.http11.Http11NioProtocol - Starting ProtocolHandler ["http-nio-auto-1"]
[2020-01-26 15:23:48] [main] INFO  o.s.b.w.e.tomcat.TomcatWebServer - Tomcat started on port(s): 60691 (http) with context path ''
[2020-01-26 15:23:48] [main] INFO  c.b.boot.integration.GetVersionStep - Started GetVersionStep in 7.556 seconds (JVM running for 9.01)
[2020-01-26 15:23:48] [http-nio-auto-1-exec-1] INFO  o.a.c.c.C.[Tomcat].[localhost].[/] - Initializing Spring DispatcherServlet 'dispatcherServlet'
[2020-01-26 15:23:48] [http-nio-auto-1-exec-1] INFO  o.s.web.servlet.DispatcherServlet - Initializing Servlet 'dispatcherServlet'
[2020-01-26 15:23:48] [http-nio-auto-1-exec-1] INFO  o.s.web.servlet.DispatcherServlet - Completed initialization in 27 ms
[2020-01-26 15:23:49] [main] INFO  o.s.t.c.s.AbstractContextLoader - Could not detect default resource locations for test class [com.bpwizard.boot.integration.CucumberRoot]: no resource found for suffixes {-context.xml, Context.groovy}.
[2020-01-26 15:23:49] [main] INFO  o.s.b.t.c.SpringBootTestContextBootstrapper - Loaded default TestExecutionListener class names from location [META-INF/spring.factories]: [org.springframework.boot.test.mock.mockito.MockitoTestExecutionListener, org.springframework.boot.test.mock.mockito.ResetMocksTestExecutionListener, org.springframework.boot.test.autoconfigure.restdocs.RestDocsTestExecutionListener, org.springframework.boot.test.autoconfigure.web.client.MockRestServiceServerResetTestExecutionListener, org.springframework.boot.test.autoconfigure.web.servlet.MockMvcPrintOnlyOnFailureTestExecutionListener, org.springframework.boot.test.autoconfigure.web.servlet.WebDriverTestExecutionListener, org.springframework.test.context.web.ServletTestExecutionListener, org.springframework.test.context.support.DirtiesContextBeforeModesTestExecutionListener, org.springframework.test.context.support.DependencyInjectionTestExecutionListener, org.springframework.test.context.support.DirtiesContextTestExecutionListener, org.springframework.test.context.transaction.TransactionalTestExecutionListener, org.springframework.test.context.jdbc.SqlScriptsTestExecutionListener, org.springframework.test.context.event.EventPublishingTestExecutionListener]
[2020-01-26 15:23:49] [main] INFO  o.s.b.t.c.SpringBootTestContextBootstrapper - Using TestExecutionListeners: [org.springframework.test.context.web.ServletTestExecutionListener@72288b38, org.springframework.test.context.support.DirtiesContextBeforeModesTestExecutionListener@2aee0173, org.springframework.boot.test.mock.mockito.MockitoTestExecutionListener@7acb8e6b, org.springframework.boot.test.autoconfigure.SpringBootDependencyInjectionTestExecutionListener@6c758c74, org.springframework.test.context.support.DirtiesContextTestExecutionListener@5a32ab89, org.springframework.test.context.transaction.TransactionalTestExecutionListener@8dcc25, org.springframework.test.context.jdbc.SqlScriptsTestExecutionListener@2693b289, org.springframework.test.context.event.EventPublishingTestExecutionListener@66c58c03, org.springframework.boot.test.mock.mockito.ResetMocksTestExecutionListener@29e40db1, org.springframework.boot.test.autoconfigure.restdocs.RestDocsTestExecutionListener@47e6004c, org.springframework.boot.test.autoconfigure.web.client.MockRestServiceServerResetTestExecutionListener@7c5ae5c3, org.springframework.boot.test.autoconfigure.web.servlet.MockMvcPrintOnlyOnFailureTestExecutionListener@36b5dbdf, org.springframework.boot.test.autoconfigure.web.servlet.WebDriverTestExecutionListener@3f35d13d]
[2020-01-26 15:23:49] [SpringContextShutdownHook] INFO  o.s.s.c.ThreadPoolTaskScheduler - Shutting down ExecutorService 'taskScheduler'
[2020-01-26 15:23:49] [SpringContextShutdownHook] INFO  o.s.s.c.ThreadPoolTaskExecutor - Shutting down ExecutorService 'applicationTaskExecutor'
[2020-01-26 15:23:49] [SpringContextShutdownHook] INFO  o.s.o.j.LocalContainerEntityManagerFactoryBean - Closing JPA EntityManagerFactory for persistence unit 'default'
[2020-01-26 15:23:49] [SpringContextShutdownHook] INFO  com.zaxxer.hikari.HikariDataSource - HikariPool-1 - Shutdown initiated...
[2020-01-26 15:23:49] [SpringContextShutdownHook] INFO  com.zaxxer.hikari.HikariDataSource - HikariPool-1 - Shutdown completed.
[2020-01-26 19:12:30] [main] INFO  o.s.t.c.s.AbstractContextLoader - Could not detect default resource locations for test class [com.bpwizard.boot.integration.CucumberRoot]: no resource found for suffixes {-context.xml, Context.groovy}.
[2020-01-26 19:12:30] [main] INFO  o.s.b.t.c.SpringBootTestContextBootstrapper - Loaded default TestExecutionListener class names from location [META-INF/spring.factories]: [org.springframework.boot.test.mock.mockito.MockitoTestExecutionListener, org.springframework.boot.test.mock.mockito.ResetMocksTestExecutionListener, org.springframework.boot.test.autoconfigure.restdocs.RestDocsTestExecutionListener, org.springframework.boot.test.autoconfigure.web.client.MockRestServiceServerResetTestExecutionListener, org.springframework.boot.test.autoconfigure.web.servlet.MockMvcPrintOnlyOnFailureTestExecutionListener, org.springframework.boot.test.autoconfigure.web.servlet.WebDriverTestExecutionListener, org.springframework.test.context.web.ServletTestExecutionListener, org.springframework.test.context.support.DirtiesContextBeforeModesTestExecutionListener, org.springframework.test.context.support.DependencyInjectionTestExecutionListener, org.springframework.test.context.support.DirtiesContextTestExecutionListener, org.springframework.test.context.transaction.TransactionalTestExecutionListener, org.springframework.test.context.jdbc.SqlScriptsTestExecutionListener, org.springframework.test.context.event.EventPublishingTestExecutionListener]
[2020-01-26 19:12:30] [main] INFO  o.s.b.t.c.SpringBootTestContextBootstrapper - Using TestExecutionListeners: [org.springframework.test.context.web.ServletTestExecutionListener@712ca57b, org.springframework.test.context.support.DirtiesContextBeforeModesTestExecutionListener@4564e94b, org.springframework.boot.test.mock.mockito.MockitoTestExecutionListener@54534abf, org.springframework.boot.test.autoconfigure.SpringBootDependencyInjectionTestExecutionListener@51745f40, org.springframework.test.context.support.DirtiesContextTestExecutionListener@45673f68, org.springframework.test.context.transaction.TransactionalTestExecutionListener@27abb83e, org.springframework.test.context.jdbc.SqlScriptsTestExecutionListener@69e308c6, org.springframework.test.context.event.EventPublishingTestExecutionListener@1a1ed4e5, org.springframework.boot.test.mock.mockito.ResetMocksTestExecutionListener@667e34b1, org.springframework.boot.test.autoconfigure.restdocs.RestDocsTestExecutionListener@1c6e0a08, org.springframework.boot.test.autoconfigure.web.client.MockRestServiceServerResetTestExecutionListener@6dba847b, org.springframework.boot.test.autoconfigure.web.servlet.MockMvcPrintOnlyOnFailureTestExecutionListener@1efdcd5, org.springframework.boot.test.autoconfigure.web.servlet.WebDriverTestExecutionListener@1623bbe5]
[2020-01-26 19:12:31] [main] INFO  c.b.boot.integration.GetVersionStep - Starting GetVersionStep on DESKTOP-4MFQ21B with PID 20096 (started by fli in C:\projects\jenkins\boot-pipeline)
[2020-01-26 19:12:31] [main] INFO  c.b.boot.integration.GetVersionStep - The following profiles are active: INTEGRATION_TEST
[2020-01-26 19:12:32] [main] INFO  o.s.d.r.c.RepositoryConfigurationDelegate - Bootstrapping Spring Data JPA repositories in DEFAULT mode.
[2020-01-26 19:12:32] [main] INFO  o.s.d.r.c.RepositoryConfigurationDelegate - Finished Spring Data repository scanning in 53ms. Found 1 JPA repository interfaces.
[2020-01-26 19:12:33] [main] INFO  o.s.c.s.PostProcessorRegistrationDelegate$BeanPostProcessorChecker - Bean 'org.springframework.retry.annotation.RetryConfiguration' of type [org.springframework.retry.annotation.RetryConfiguration$$EnhancerBySpringCGLIB$$a143cbc8] is not eligible for getting processed by all BeanPostProcessors (for example: not eligible for auto-proxying)
[2020-01-26 19:12:33] [main] INFO  o.s.c.s.PostProcessorRegistrationDelegate$BeanPostProcessorChecker - Bean 'org.springframework.transaction.annotation.ProxyTransactionManagementConfiguration' of type [org.springframework.transaction.annotation.ProxyTransactionManagementConfiguration] is not eligible for getting processed by all BeanPostProcessors (for example: not eligible for auto-proxying)
[2020-01-26 19:12:33] [main] INFO  o.s.b.w.e.tomcat.TomcatWebServer - Tomcat initialized with port(s): 0 (http)
[2020-01-26 19:12:33] [main] INFO  o.a.coyote.http11.Http11NioProtocol - Initializing ProtocolHandler ["http-nio-auto-1"]
[2020-01-26 19:12:33] [main] INFO  o.a.catalina.core.StandardService - Starting service [Tomcat]
[2020-01-26 19:12:33] [main] INFO  o.a.catalina.core.StandardEngine - Starting Servlet engine: [Apache Tomcat/9.0.29]
[2020-01-26 19:12:33] [main] INFO  o.a.c.c.C.[Tomcat].[localhost].[/] - Initializing Spring embedded WebApplicationContext
[2020-01-26 19:12:33] [main] INFO  o.s.web.context.ContextLoader - Root WebApplicationContext: initialization completed in 2529 ms
[2020-01-26 19:12:34] [main] INFO  o.h.jpa.internal.util.LogHelper - HHH000204: Processing PersistenceUnitInfo [name: default]
[2020-01-26 19:12:34] [main] INFO  org.hibernate.Version - HHH000412: Hibernate Core {5.4.9.Final}
[2020-01-26 19:12:34] [main] INFO  o.h.annotations.common.Version - HCANN000001: Hibernate Commons Annotations {5.1.0.Final}
[2020-01-26 19:12:34] [main] INFO  com.zaxxer.hikari.HikariDataSource - HikariPool-1 - Starting...
[2020-01-26 19:12:35] [main] INFO  com.zaxxer.hikari.HikariDataSource - HikariPool-1 - Start completed.
[2020-01-26 19:12:35] [main] INFO  org.hibernate.dialect.Dialect - HHH000400: Using dialect: org.hibernate.dialect.H2Dialect
[2020-01-26 19:12:35] [main] INFO  o.h.e.t.j.p.i.JtaPlatformInitiator - HHH000490: Using JtaPlatform implementation: [org.hibernate.engine.transaction.jta.platform.internal.NoJtaPlatform]
[2020-01-26 19:12:35] [main] INFO  o.s.o.j.LocalContainerEntityManagerFactoryBean - Initialized JPA EntityManagerFactory for persistence unit 'default'
[2020-01-26 19:12:36] [main] WARN  o.s.b.a.o.j.JpaBaseConfiguration$JpaWebConfiguration - spring.jpa.open-in-view is enabled by default. Therefore, database queries may be performed during view rendering. Explicitly configure spring.jpa.open-in-view to disable this warning
[2020-01-26 19:12:36] [main] INFO  o.s.b.a.e.web.EndpointLinksResolver - Exposing 2 endpoint(s) beneath base path '/actuator'
[2020-01-26 19:12:36] [main] INFO  s.d.s.w.PropertySourcedRequestMappingHandlerMapping - Mapped URL path [/v2/api-docs] onto method [springfox.documentation.swagger2.web.Swagger2Controller#getDocumentation(String, HttpServletRequest)]
[2020-01-26 19:12:37] [main] INFO  o.s.s.c.ThreadPoolTaskExecutor - Initializing ExecutorService 'applicationTaskExecutor'
[2020-01-26 19:12:37] [main] INFO  o.s.s.c.ThreadPoolTaskScheduler - Initializing ExecutorService 'taskScheduler'
[2020-01-26 19:12:37] [main] INFO  s.d.s.w.p.DocumentationPluginsBootstrapper - Context refreshed
[2020-01-26 19:12:37] [main] INFO  s.d.s.w.p.DocumentationPluginsBootstrapper - Found 1 custom documentation plugin(s)
[2020-01-26 19:12:37] [main] INFO  s.d.s.w.s.ApiListingReferenceScanner - Scanning for api listing references
[2020-01-26 19:12:37] [main] INFO  s.d.s.w.r.o.CachingOperationNameGenerator - Generating unique operation named: handleUsingGET_1
[2020-01-26 19:12:37] [main] INFO  s.d.s.w.r.o.CachingOperationNameGenerator - Generating unique operation named: handleUsingGET_2
[2020-01-26 19:12:37] [main] INFO  o.a.coyote.http11.Http11NioProtocol - Starting ProtocolHandler ["http-nio-auto-1"]
[2020-01-26 19:12:38] [main] INFO  o.s.b.w.e.tomcat.TomcatWebServer - Tomcat started on port(s): 63543 (http) with context path ''
[2020-01-26 19:12:38] [main] INFO  c.b.boot.integration.GetVersionStep - Started GetVersionStep in 7.077 seconds (JVM running for 8.499)
[2020-01-26 19:12:38] [http-nio-auto-1-exec-1] INFO  o.a.c.c.C.[Tomcat].[localhost].[/] - Initializing Spring DispatcherServlet 'dispatcherServlet'
[2020-01-26 19:12:38] [http-nio-auto-1-exec-1] INFO  o.s.web.servlet.DispatcherServlet - Initializing Servlet 'dispatcherServlet'
[2020-01-26 19:12:38] [http-nio-auto-1-exec-1] INFO  o.s.web.servlet.DispatcherServlet - Completed initialization in 21 ms
[2020-01-26 19:12:38] [main] INFO  o.s.t.c.s.AbstractContextLoader - Could not detect default resource locations for test class [com.bpwizard.boot.integration.CucumberRoot]: no resource found for suffixes {-context.xml, Context.groovy}.
[2020-01-26 19:12:38] [main] INFO  o.s.b.t.c.SpringBootTestContextBootstrapper - Loaded default TestExecutionListener class names from location [META-INF/spring.factories]: [org.springframework.boot.test.mock.mockito.MockitoTestExecutionListener, org.springframework.boot.test.mock.mockito.ResetMocksTestExecutionListener, org.springframework.boot.test.autoconfigure.restdocs.RestDocsTestExecutionListener, org.springframework.boot.test.autoconfigure.web.client.MockRestServiceServerResetTestExecutionListener, org.springframework.boot.test.autoconfigure.web.servlet.MockMvcPrintOnlyOnFailureTestExecutionListener, org.springframework.boot.test.autoconfigure.web.servlet.WebDriverTestExecutionListener, org.springframework.test.context.web.ServletTestExecutionListener, org.springframework.test.context.support.DirtiesContextBeforeModesTestExecutionListener, org.springframework.test.context.support.DependencyInjectionTestExecutionListener, org.springframework.test.context.support.DirtiesContextTestExecutionListener, org.springframework.test.context.transaction.TransactionalTestExecutionListener, org.springframework.test.context.jdbc.SqlScriptsTestExecutionListener, org.springframework.test.context.event.EventPublishingTestExecutionListener]
[2020-01-26 19:12:38] [main] INFO  o.s.b.t.c.SpringBootTestContextBootstrapper - Using TestExecutionListeners: [org.springframework.test.context.web.ServletTestExecutionListener@4df5b562, org.springframework.test.context.support.DirtiesContextBeforeModesTestExecutionListener@3e4d197, org.springframework.boot.test.mock.mockito.MockitoTestExecutionListener@222557fc, org.springframework.boot.test.autoconfigure.SpringBootDependencyInjectionTestExecutionListener@6c633590, org.springframework.test.context.support.DirtiesContextTestExecutionListener@c5dc3db, org.springframework.test.context.transaction.TransactionalTestExecutionListener@2910c3ae, org.springframework.test.context.jdbc.SqlScriptsTestExecutionListener@2182ebc7, org.springframework.test.context.event.EventPublishingTestExecutionListener@543895d2, org.springframework.boot.test.mock.mockito.ResetMocksTestExecutionListener@3699c795, org.springframework.boot.test.autoconfigure.restdocs.RestDocsTestExecutionListener@193b6f5b, org.springframework.boot.test.autoconfigure.web.client.MockRestServiceServerResetTestExecutionListener@2fd16368, org.springframework.boot.test.autoconfigure.web.servlet.MockMvcPrintOnlyOnFailureTestExecutionListener@3fd7f545, org.springframework.boot.test.autoconfigure.web.servlet.WebDriverTestExecutionListener@470a2845]
[2020-01-26 19:12:38] [SpringContextShutdownHook] INFO  o.s.s.c.ThreadPoolTaskScheduler - Shutting down ExecutorService 'taskScheduler'
[2020-01-26 19:12:38] [SpringContextShutdownHook] INFO  o.s.s.c.ThreadPoolTaskExecutor - Shutting down ExecutorService 'applicationTaskExecutor'
[2020-01-26 19:12:38] [SpringContextShutdownHook] INFO  o.s.o.j.LocalContainerEntityManagerFactoryBean - Closing JPA EntityManagerFactory for persistence unit 'default'
[2020-01-26 19:12:38] [SpringContextShutdownHook] INFO  com.zaxxer.hikari.HikariDataSource - HikariPool-1 - Shutdown initiated...
[2020-01-26 19:12:38] [SpringContextShutdownHook] INFO  com.zaxxer.hikari.HikariDataSource - HikariPool-1 - Shutdown completed.
[2020-01-26 19:14:01] [main] INFO  o.s.t.c.s.AbstractContextLoader - Could not detect default resource locations for test class [com.bpwizard.boot.integration.CucumberRoot]: no resource found for suffixes {-context.xml, Context.groovy}.
[2020-01-26 19:14:01] [main] INFO  o.s.b.t.c.SpringBootTestContextBootstrapper - Loaded default TestExecutionListener class names from location [META-INF/spring.factories]: [org.springframework.boot.test.mock.mockito.MockitoTestExecutionListener, org.springframework.boot.test.mock.mockito.ResetMocksTestExecutionListener, org.springframework.boot.test.autoconfigure.restdocs.RestDocsTestExecutionListener, org.springframework.boot.test.autoconfigure.web.client.MockRestServiceServerResetTestExecutionListener, org.springframework.boot.test.autoconfigure.web.servlet.MockMvcPrintOnlyOnFailureTestExecutionListener, org.springframework.boot.test.autoconfigure.web.servlet.WebDriverTestExecutionListener, org.springframework.test.context.web.ServletTestExecutionListener, org.springframework.test.context.support.DirtiesContextBeforeModesTestExecutionListener, org.springframework.test.context.support.DependencyInjectionTestExecutionListener, org.springframework.test.context.support.DirtiesContextTestExecutionListener, org.springframework.test.context.transaction.TransactionalTestExecutionListener, org.springframework.test.context.jdbc.SqlScriptsTestExecutionListener, org.springframework.test.context.event.EventPublishingTestExecutionListener]
[2020-01-26 19:14:01] [main] INFO  o.s.b.t.c.SpringBootTestContextBootstrapper - Using TestExecutionListeners: [org.springframework.test.context.web.ServletTestExecutionListener@712ca57b, org.springframework.test.context.support.DirtiesContextBeforeModesTestExecutionListener@4564e94b, org.springframework.boot.test.mock.mockito.MockitoTestExecutionListener@54534abf, org.springframework.boot.test.autoconfigure.SpringBootDependencyInjectionTestExecutionListener@51745f40, org.springframework.test.context.support.DirtiesContextTestExecutionListener@45673f68, org.springframework.test.context.transaction.TransactionalTestExecutionListener@27abb83e, org.springframework.test.context.jdbc.SqlScriptsTestExecutionListener@69e308c6, org.springframework.test.context.event.EventPublishingTestExecutionListener@1a1ed4e5, org.springframework.boot.test.mock.mockito.ResetMocksTestExecutionListener@667e34b1, org.springframework.boot.test.autoconfigure.restdocs.RestDocsTestExecutionListener@1c6e0a08, org.springframework.boot.test.autoconfigure.web.client.MockRestServiceServerResetTestExecutionListener@6dba847b, org.springframework.boot.test.autoconfigure.web.servlet.MockMvcPrintOnlyOnFailureTestExecutionListener@1efdcd5, org.springframework.boot.test.autoconfigure.web.servlet.WebDriverTestExecutionListener@1623bbe5]
[2020-01-26 19:14:02] [main] INFO  c.b.boot.integration.GetVersionStep - Starting GetVersionStep on DESKTOP-4MFQ21B with PID 21488 (started by fli in C:\projects\jenkins\boot-pipeline)
[2020-01-26 19:14:02] [main] INFO  c.b.boot.integration.GetVersionStep - The following profiles are active: INTEGRATION_TEST
[2020-01-26 19:14:03] [main] INFO  o.s.d.r.c.RepositoryConfigurationDelegate - Bootstrapping Spring Data JPA repositories in DEFAULT mode.
[2020-01-26 19:14:03] [main] INFO  o.s.d.r.c.RepositoryConfigurationDelegate - Finished Spring Data repository scanning in 57ms. Found 1 JPA repository interfaces.
[2020-01-26 19:14:03] [main] INFO  o.s.c.s.PostProcessorRegistrationDelegate$BeanPostProcessorChecker - Bean 'org.springframework.retry.annotation.RetryConfiguration' of type [org.springframework.retry.annotation.RetryConfiguration$$EnhancerBySpringCGLIB$$cb12d545] is not eligible for getting processed by all BeanPostProcessors (for example: not eligible for auto-proxying)
[2020-01-26 19:14:03] [main] INFO  o.s.c.s.PostProcessorRegistrationDelegate$BeanPostProcessorChecker - Bean 'org.springframework.transaction.annotation.ProxyTransactionManagementConfiguration' of type [org.springframework.transaction.annotation.ProxyTransactionManagementConfiguration] is not eligible for getting processed by all BeanPostProcessors (for example: not eligible for auto-proxying)
[2020-01-26 19:14:04] [main] INFO  o.s.b.w.e.tomcat.TomcatWebServer - Tomcat initialized with port(s): 0 (http)
[2020-01-26 19:14:04] [main] INFO  o.a.coyote.http11.Http11NioProtocol - Initializing ProtocolHandler ["http-nio-auto-1"]
[2020-01-26 19:14:04] [main] INFO  o.a.catalina.core.StandardService - Starting service [Tomcat]
[2020-01-26 19:14:04] [main] INFO  o.a.catalina.core.StandardEngine - Starting Servlet engine: [Apache Tomcat/9.0.29]
[2020-01-26 19:14:04] [main] INFO  o.a.c.c.C.[Tomcat].[localhost].[/] - Initializing Spring embedded WebApplicationContext
[2020-01-26 19:14:04] [main] INFO  o.s.web.context.ContextLoader - Root WebApplicationContext: initialization completed in 2409 ms
[2020-01-26 19:14:05] [main] INFO  o.h.jpa.internal.util.LogHelper - HHH000204: Processing PersistenceUnitInfo [name: default]
[2020-01-26 19:14:05] [main] INFO  org.hibernate.Version - HHH000412: Hibernate Core {5.4.9.Final}
[2020-01-26 19:14:05] [main] INFO  o.h.annotations.common.Version - HCANN000001: Hibernate Commons Annotations {5.1.0.Final}
[2020-01-26 19:14:05] [main] INFO  com.zaxxer.hikari.HikariDataSource - HikariPool-1 - Starting...
[2020-01-26 19:14:05] [main] INFO  com.zaxxer.hikari.HikariDataSource - HikariPool-1 - Start completed.
[2020-01-26 19:14:05] [main] INFO  org.hibernate.dialect.Dialect - HHH000400: Using dialect: org.hibernate.dialect.H2Dialect
[2020-01-26 19:14:06] [main] INFO  o.h.e.t.j.p.i.JtaPlatformInitiator - HHH000490: Using JtaPlatform implementation: [org.hibernate.engine.transaction.jta.platform.internal.NoJtaPlatform]
[2020-01-26 19:14:06] [main] INFO  o.s.o.j.LocalContainerEntityManagerFactoryBean - Initialized JPA EntityManagerFactory for persistence unit 'default'
[2020-01-26 19:14:07] [main] WARN  o.s.b.a.o.j.JpaBaseConfiguration$JpaWebConfiguration - spring.jpa.open-in-view is enabled by default. Therefore, database queries may be performed during view rendering. Explicitly configure spring.jpa.open-in-view to disable this warning
[2020-01-26 19:14:07] [main] INFO  o.s.b.a.e.web.EndpointLinksResolver - Exposing 2 endpoint(s) beneath base path '/actuator'
[2020-01-26 19:14:07] [main] INFO  s.d.s.w.PropertySourcedRequestMappingHandlerMapping - Mapped URL path [/v2/api-docs] onto method [springfox.documentation.swagger2.web.Swagger2Controller#getDocumentation(String, HttpServletRequest)]
[2020-01-26 19:14:08] [main] INFO  o.s.s.c.ThreadPoolTaskExecutor - Initializing ExecutorService 'applicationTaskExecutor'
[2020-01-26 19:14:08] [main] INFO  o.s.s.c.ThreadPoolTaskScheduler - Initializing ExecutorService 'taskScheduler'
[2020-01-26 19:14:08] [main] INFO  s.d.s.w.p.DocumentationPluginsBootstrapper - Context refreshed
[2020-01-26 19:14:08] [main] INFO  s.d.s.w.p.DocumentationPluginsBootstrapper - Found 1 custom documentation plugin(s)
[2020-01-26 19:14:08] [main] INFO  s.d.s.w.s.ApiListingReferenceScanner - Scanning for api listing references
[2020-01-26 19:14:08] [main] INFO  s.d.s.w.r.o.CachingOperationNameGenerator - Generating unique operation named: handleUsingGET_1
[2020-01-26 19:14:08] [main] INFO  s.d.s.w.r.o.CachingOperationNameGenerator - Generating unique operation named: handleUsingGET_2
[2020-01-26 19:14:08] [main] INFO  o.a.coyote.http11.Http11NioProtocol - Starting ProtocolHandler ["http-nio-auto-1"]
[2020-01-26 19:14:08] [main] INFO  o.s.b.w.e.tomcat.TomcatWebServer - Tomcat started on port(s): 63573 (http) with context path ''
[2020-01-26 19:14:08] [main] INFO  c.b.boot.integration.GetVersionStep - Started GetVersionStep in 6.926 seconds (JVM running for 8.138)
[2020-01-26 19:14:09] [http-nio-auto-1-exec-1] INFO  o.a.c.c.C.[Tomcat].[localhost].[/] - Initializing Spring DispatcherServlet 'dispatcherServlet'
[2020-01-26 19:14:09] [http-nio-auto-1-exec-1] INFO  o.s.web.servlet.DispatcherServlet - Initializing Servlet 'dispatcherServlet'
[2020-01-26 19:14:09] [http-nio-auto-1-exec-1] INFO  o.s.web.servlet.DispatcherServlet - Completed initialization in 27 ms
[2020-01-26 19:14:09] [main] INFO  o.s.t.c.s.AbstractContextLoader - Could not detect default resource locations for test class [com.bpwizard.boot.integration.CucumberRoot]: no resource found for suffixes {-context.xml, Context.groovy}.
[2020-01-26 19:14:09] [main] INFO  o.s.b.t.c.SpringBootTestContextBootstrapper - Loaded default TestExecutionListener class names from location [META-INF/spring.factories]: [org.springframework.boot.test.mock.mockito.MockitoTestExecutionListener, org.springframework.boot.test.mock.mockito.ResetMocksTestExecutionListener, org.springframework.boot.test.autoconfigure.restdocs.RestDocsTestExecutionListener, org.springframework.boot.test.autoconfigure.web.client.MockRestServiceServerResetTestExecutionListener, org.springframework.boot.test.autoconfigure.web.servlet.MockMvcPrintOnlyOnFailureTestExecutionListener, org.springframework.boot.test.autoconfigure.web.servlet.WebDriverTestExecutionListener, org.springframework.test.context.web.ServletTestExecutionListener, org.springframework.test.context.support.DirtiesContextBeforeModesTestExecutionListener, org.springframework.test.context.support.DependencyInjectionTestExecutionListener, org.springframework.test.context.support.DirtiesContextTestExecutionListener, org.springframework.test.context.transaction.TransactionalTestExecutionListener, org.springframework.test.context.jdbc.SqlScriptsTestExecutionListener, org.springframework.test.context.event.EventPublishingTestExecutionListener]
[2020-01-26 19:14:09] [main] INFO  o.s.b.t.c.SpringBootTestContextBootstrapper - Using TestExecutionListeners: [org.springframework.test.context.web.ServletTestExecutionListener@358caf3a, org.springframework.test.context.support.DirtiesContextBeforeModesTestExecutionListener@2fc72df3, org.springframework.boot.test.mock.mockito.MockitoTestExecutionListener@72288b38, org.springframework.boot.test.autoconfigure.SpringBootDependencyInjectionTestExecutionListener@2aee0173, org.springframework.test.context.support.DirtiesContextTestExecutionListener@7acb8e6b, org.springframework.test.context.transaction.TransactionalTestExecutionListener@6c758c74, org.springframework.test.context.jdbc.SqlScriptsTestExecutionListener@5a32ab89, org.springframework.test.context.event.EventPublishingTestExecutionListener@8dcc25, org.springframework.boot.test.mock.mockito.ResetMocksTestExecutionListener@2693b289, org.springframework.boot.test.autoconfigure.restdocs.RestDocsTestExecutionListener@66c58c03, org.springframework.boot.test.autoconfigure.web.client.MockRestServiceServerResetTestExecutionListener@29e40db1, org.springframework.boot.test.autoconfigure.web.servlet.MockMvcPrintOnlyOnFailureTestExecutionListener@47e6004c, org.springframework.boot.test.autoconfigure.web.servlet.WebDriverTestExecutionListener@7c5ae5c3]
[2020-01-26 19:14:09] [SpringContextShutdownHook] INFO  o.s.s.c.ThreadPoolTaskScheduler - Shutting down ExecutorService 'taskScheduler'
[2020-01-26 19:14:09] [SpringContextShutdownHook] INFO  o.s.s.c.ThreadPoolTaskExecutor - Shutting down ExecutorService 'applicationTaskExecutor'
[2020-01-26 19:14:09] [SpringContextShutdownHook] INFO  o.s.o.j.LocalContainerEntityManagerFactoryBean - Closing JPA EntityManagerFactory for persistence unit 'default'
[2020-01-26 19:14:09] [SpringContextShutdownHook] INFO  com.zaxxer.hikari.HikariDataSource - HikariPool-1 - Shutdown initiated...
[2020-01-26 19:14:09] [SpringContextShutdownHook] INFO  com.zaxxer.hikari.HikariDataSource - HikariPool-1 - Shutdown completed.
[2020-01-26 19:20:44] [main] INFO  o.s.t.c.s.AbstractContextLoader - Could not detect default resource locations for test class [com.bpwizard.boot.integration.CucumberRoot]: no resource found for suffixes {-context.xml, Context.groovy}.
[2020-01-26 19:20:44] [main] INFO  o.s.b.t.c.SpringBootTestContextBootstrapper - Loaded default TestExecutionListener class names from location [META-INF/spring.factories]: [org.springframework.boot.test.mock.mockito.MockitoTestExecutionListener, org.springframework.boot.test.mock.mockito.ResetMocksTestExecutionListener, org.springframework.boot.test.autoconfigure.restdocs.RestDocsTestExecutionListener, org.springframework.boot.test.autoconfigure.web.client.MockRestServiceServerResetTestExecutionListener, org.springframework.boot.test.autoconfigure.web.servlet.MockMvcPrintOnlyOnFailureTestExecutionListener, org.springframework.boot.test.autoconfigure.web.servlet.WebDriverTestExecutionListener, org.springframework.test.context.web.ServletTestExecutionListener, org.springframework.test.context.support.DirtiesContextBeforeModesTestExecutionListener, org.springframework.test.context.support.DependencyInjectionTestExecutionListener, org.springframework.test.context.support.DirtiesContextTestExecutionListener, org.springframework.test.context.transaction.TransactionalTestExecutionListener, org.springframework.test.context.jdbc.SqlScriptsTestExecutionListener, org.springframework.test.context.event.EventPublishingTestExecutionListener]
[2020-01-26 19:20:44] [main] INFO  o.s.b.t.c.SpringBootTestContextBootstrapper - Using TestExecutionListeners: [org.springframework.test.context.web.ServletTestExecutionListener@712ca57b, org.springframework.test.context.support.DirtiesContextBeforeModesTestExecutionListener@4564e94b, org.springframework.boot.test.mock.mockito.MockitoTestExecutionListener@54534abf, org.springframework.boot.test.autoconfigure.SpringBootDependencyInjectionTestExecutionListener@51745f40, org.springframework.test.context.support.DirtiesContextTestExecutionListener@45673f68, org.springframework.test.context.transaction.TransactionalTestExecutionListener@27abb83e, org.springframework.test.context.jdbc.SqlScriptsTestExecutionListener@69e308c6, org.springframework.test.context.event.EventPublishingTestExecutionListener@1a1ed4e5, org.springframework.boot.test.mock.mockito.ResetMocksTestExecutionListener@667e34b1, org.springframework.boot.test.autoconfigure.restdocs.RestDocsTestExecutionListener@1c6e0a08, org.springframework.boot.test.autoconfigure.web.client.MockRestServiceServerResetTestExecutionListener@6dba847b, org.springframework.boot.test.autoconfigure.web.servlet.MockMvcPrintOnlyOnFailureTestExecutionListener@1efdcd5, org.springframework.boot.test.autoconfigure.web.servlet.WebDriverTestExecutionListener@1623bbe5]
[2020-01-26 19:20:44] [main] INFO  c.b.boot.integration.GetVersionStep - Starting GetVersionStep on DESKTOP-4MFQ21B with PID 16980 (started by fli in C:\projects\jenkins\boot-pipeline)
[2020-01-26 19:20:44] [main] INFO  c.b.boot.integration.GetVersionStep - The following profiles are active: INTEGRATION_TEST
[2020-01-26 19:20:45] [main] INFO  o.s.d.r.c.RepositoryConfigurationDelegate - Bootstrapping Spring Data JPA repositories in DEFAULT mode.
[2020-01-26 19:20:45] [main] INFO  o.s.d.r.c.RepositoryConfigurationDelegate - Finished Spring Data repository scanning in 55ms. Found 1 JPA repository interfaces.
[2020-01-26 19:20:46] [main] INFO  o.s.c.s.PostProcessorRegistrationDelegate$BeanPostProcessorChecker - Bean 'org.springframework.retry.annotation.RetryConfiguration' of type [org.springframework.retry.annotation.RetryConfiguration$$EnhancerBySpringCGLIB$$cb12d545] is not eligible for getting processed by all BeanPostProcessors (for example: not eligible for auto-proxying)
[2020-01-26 19:20:46] [main] INFO  o.s.c.s.PostProcessorRegistrationDelegate$BeanPostProcessorChecker - Bean 'org.springframework.transaction.annotation.ProxyTransactionManagementConfiguration' of type [org.springframework.transaction.annotation.ProxyTransactionManagementConfiguration] is not eligible for getting processed by all BeanPostProcessors (for example: not eligible for auto-proxying)
[2020-01-26 19:20:47] [main] INFO  o.s.b.w.e.tomcat.TomcatWebServer - Tomcat initialized with port(s): 0 (http)
[2020-01-26 19:20:47] [main] INFO  o.a.coyote.http11.Http11NioProtocol - Initializing ProtocolHandler ["http-nio-auto-1"]
[2020-01-26 19:20:47] [main] INFO  o.a.catalina.core.StandardService - Starting service [Tomcat]
[2020-01-26 19:20:47] [main] INFO  o.a.catalina.core.StandardEngine - Starting Servlet engine: [Apache Tomcat/9.0.29]
[2020-01-26 19:20:47] [main] INFO  o.a.c.c.C.[Tomcat].[localhost].[/] - Initializing Spring embedded WebApplicationContext
[2020-01-26 19:20:47] [main] INFO  o.s.web.context.ContextLoader - Root WebApplicationContext: initialization completed in 2281 ms
[2020-01-26 19:20:47] [main] INFO  o.h.jpa.internal.util.LogHelper - HHH000204: Processing PersistenceUnitInfo [name: default]
[2020-01-26 19:20:47] [main] INFO  org.hibernate.Version - HHH000412: Hibernate Core {5.4.9.Final}
[2020-01-26 19:20:48] [main] INFO  o.h.annotations.common.Version - HCANN000001: Hibernate Commons Annotations {5.1.0.Final}
[2020-01-26 19:20:48] [main] INFO  com.zaxxer.hikari.HikariDataSource - HikariPool-1 - Starting...
[2020-01-26 19:20:48] [main] INFO  com.zaxxer.hikari.HikariDataSource - HikariPool-1 - Start completed.
[2020-01-26 19:20:48] [main] INFO  org.hibernate.dialect.Dialect - HHH000400: Using dialect: org.hibernate.dialect.H2Dialect
[2020-01-26 19:20:49] [main] INFO  o.h.e.t.j.p.i.JtaPlatformInitiator - HHH000490: Using JtaPlatform implementation: [org.hibernate.engine.transaction.jta.platform.internal.NoJtaPlatform]
[2020-01-26 19:20:49] [main] INFO  o.s.o.j.LocalContainerEntityManagerFactoryBean - Initialized JPA EntityManagerFactory for persistence unit 'default'
[2020-01-26 19:20:49] [main] WARN  o.s.b.a.o.j.JpaBaseConfiguration$JpaWebConfiguration - spring.jpa.open-in-view is enabled by default. Therefore, database queries may be performed during view rendering. Explicitly configure spring.jpa.open-in-view to disable this warning
[2020-01-26 19:20:49] [main] INFO  o.s.b.a.e.web.EndpointLinksResolver - Exposing 2 endpoint(s) beneath base path '/actuator'
[2020-01-26 19:20:50] [main] INFO  s.d.s.w.PropertySourcedRequestMappingHandlerMapping - Mapped URL path [/v2/api-docs] onto method [springfox.documentation.swagger2.web.Swagger2Controller#getDocumentation(String, HttpServletRequest)]
[2020-01-26 19:20:50] [main] INFO  o.s.s.c.ThreadPoolTaskExecutor - Initializing ExecutorService 'applicationTaskExecutor'
[2020-01-26 19:20:50] [main] INFO  o.s.s.c.ThreadPoolTaskScheduler - Initializing ExecutorService 'taskScheduler'
[2020-01-26 19:20:50] [main] INFO  s.d.s.w.p.DocumentationPluginsBootstrapper - Context refreshed
[2020-01-26 19:20:50] [main] INFO  s.d.s.w.p.DocumentationPluginsBootstrapper - Found 1 custom documentation plugin(s)
[2020-01-26 19:20:50] [main] INFO  s.d.s.w.s.ApiListingReferenceScanner - Scanning for api listing references
[2020-01-26 19:20:50] [main] INFO  s.d.s.w.r.o.CachingOperationNameGenerator - Generating unique operation named: handleUsingGET_1
[2020-01-26 19:20:50] [main] INFO  s.d.s.w.r.o.CachingOperationNameGenerator - Generating unique operation named: handleUsingGET_2
[2020-01-26 19:20:50] [main] INFO  o.a.coyote.http11.Http11NioProtocol - Starting ProtocolHandler ["http-nio-auto-1"]
[2020-01-26 19:20:51] [main] INFO  o.s.b.w.e.tomcat.TomcatWebServer - Tomcat started on port(s): 63668 (http) with context path ''
[2020-01-26 19:20:51] [main] INFO  c.b.boot.integration.GetVersionStep - Started GetVersionStep in 6.565 seconds (JVM running for 7.762)
[2020-01-26 19:20:51] [http-nio-auto-1-exec-1] INFO  o.a.c.c.C.[Tomcat].[localhost].[/] - Initializing Spring DispatcherServlet 'dispatcherServlet'
[2020-01-26 19:20:51] [http-nio-auto-1-exec-1] INFO  o.s.web.servlet.DispatcherServlet - Initializing Servlet 'dispatcherServlet'
[2020-01-26 19:20:51] [http-nio-auto-1-exec-1] INFO  o.s.web.servlet.DispatcherServlet - Completed initialization in 30 ms
[2020-01-26 19:20:51] [main] INFO  o.s.t.c.s.AbstractContextLoader - Could not detect default resource locations for test class [com.bpwizard.boot.integration.CucumberRoot]: no resource found for suffixes {-context.xml, Context.groovy}.
[2020-01-26 19:20:51] [main] INFO  o.s.b.t.c.SpringBootTestContextBootstrapper - Loaded default TestExecutionListener class names from location [META-INF/spring.factories]: [org.springframework.boot.test.mock.mockito.MockitoTestExecutionListener, org.springframework.boot.test.mock.mockito.ResetMocksTestExecutionListener, org.springframework.boot.test.autoconfigure.restdocs.RestDocsTestExecutionListener, org.springframework.boot.test.autoconfigure.web.client.MockRestServiceServerResetTestExecutionListener, org.springframework.boot.test.autoconfigure.web.servlet.MockMvcPrintOnlyOnFailureTestExecutionListener, org.springframework.boot.test.autoconfigure.web.servlet.WebDriverTestExecutionListener, org.springframework.test.context.web.ServletTestExecutionListener, org.springframework.test.context.support.DirtiesContextBeforeModesTestExecutionListener, org.springframework.test.context.support.DependencyInjectionTestExecutionListener, org.springframework.test.context.support.DirtiesContextTestExecutionListener, org.springframework.test.context.transaction.TransactionalTestExecutionListener, org.springframework.test.context.jdbc.SqlScriptsTestExecutionListener, org.springframework.test.context.event.EventPublishingTestExecutionListener]
[2020-01-26 19:20:51] [main] INFO  o.s.b.t.c.SpringBootTestContextBootstrapper - Using TestExecutionListeners: [org.springframework.test.context.web.ServletTestExecutionListener@4872d04d, org.springframework.test.context.support.DirtiesContextBeforeModesTestExecutionListener@75564689, org.springframework.boot.test.mock.mockito.MockitoTestExecutionListener@65977161, org.springframework.boot.test.autoconfigure.SpringBootDependencyInjectionTestExecutionListener@5f7e2ca8, org.springframework.test.context.support.DirtiesContextTestExecutionListener@1d07fb2, org.springframework.test.context.transaction.TransactionalTestExecutionListener@46f5030f, org.springframework.test.context.jdbc.SqlScriptsTestExecutionListener@18b77ec9, org.springframework.test.context.event.EventPublishingTestExecutionListener@36821a1b, org.springframework.boot.test.mock.mockito.ResetMocksTestExecutionListener@34adce96, org.springframework.boot.test.autoconfigure.restdocs.RestDocsTestExecutionListener@5a2e4e77, org.springframework.boot.test.autoconfigure.web.client.MockRestServiceServerResetTestExecutionListener@794c22cd, org.springframework.boot.test.autoconfigure.web.servlet.MockMvcPrintOnlyOnFailureTestExecutionListener@5fb8ad3d, org.springframework.boot.test.autoconfigure.web.servlet.WebDriverTestExecutionListener@5bb0122]
[2020-01-26 19:20:51] [SpringContextShutdownHook] INFO  o.s.s.c.ThreadPoolTaskScheduler - Shutting down ExecutorService 'taskScheduler'
[2020-01-26 19:20:51] [SpringContextShutdownHook] INFO  o.s.s.c.ThreadPoolTaskExecutor - Shutting down ExecutorService 'applicationTaskExecutor'
[2020-01-26 19:20:51] [SpringContextShutdownHook] INFO  o.s.o.j.LocalContainerEntityManagerFactoryBean - Closing JPA EntityManagerFactory for persistence unit 'default'
[2020-01-26 19:20:51] [SpringContextShutdownHook] INFO  com.zaxxer.hikari.HikariDataSource - HikariPool-1 - Shutdown initiated...
[2020-01-26 19:20:51] [SpringContextShutdownHook] INFO  com.zaxxer.hikari.HikariDataSource - HikariPool-1 - Shutdown completed.
[2020-01-26 19:25:08] [main] INFO  o.s.t.c.s.AbstractContextLoader - Could not detect default resource locations for test class [com.bpwizard.boot.integration.CucumberRoot]: no resource found for suffixes {-context.xml, Context.groovy}.
[2020-01-26 19:25:08] [main] INFO  o.s.b.t.c.SpringBootTestContextBootstrapper - Loaded default TestExecutionListener class names from location [META-INF/spring.factories]: [org.springframework.boot.test.mock.mockito.MockitoTestExecutionListener, org.springframework.boot.test.mock.mockito.ResetMocksTestExecutionListener, org.springframework.boot.test.autoconfigure.restdocs.RestDocsTestExecutionListener, org.springframework.boot.test.autoconfigure.web.client.MockRestServiceServerResetTestExecutionListener, org.springframework.boot.test.autoconfigure.web.servlet.MockMvcPrintOnlyOnFailureTestExecutionListener, org.springframework.boot.test.autoconfigure.web.servlet.WebDriverTestExecutionListener, org.springframework.test.context.web.ServletTestExecutionListener, org.springframework.test.context.support.DirtiesContextBeforeModesTestExecutionListener, org.springframework.test.context.support.DependencyInjectionTestExecutionListener, org.springframework.test.context.support.DirtiesContextTestExecutionListener, org.springframework.test.context.transaction.TransactionalTestExecutionListener, org.springframework.test.context.jdbc.SqlScriptsTestExecutionListener, org.springframework.test.context.event.EventPublishingTestExecutionListener]
[2020-01-26 19:25:08] [main] INFO  o.s.b.t.c.SpringBootTestContextBootstrapper - Using TestExecutionListeners: [org.springframework.test.context.web.ServletTestExecutionListener@712ca57b, org.springframework.test.context.support.DirtiesContextBeforeModesTestExecutionListener@4564e94b, org.springframework.boot.test.mock.mockito.MockitoTestExecutionListener@54534abf, org.springframework.boot.test.autoconfigure.SpringBootDependencyInjectionTestExecutionListener@51745f40, org.springframework.test.context.support.DirtiesContextTestExecutionListener@45673f68, org.springframework.test.context.transaction.TransactionalTestExecutionListener@27abb83e, org.springframework.test.context.jdbc.SqlScriptsTestExecutionListener@69e308c6, org.springframework.test.context.event.EventPublishingTestExecutionListener@1a1ed4e5, org.springframework.boot.test.mock.mockito.ResetMocksTestExecutionListener@667e34b1, org.springframework.boot.test.autoconfigure.restdocs.RestDocsTestExecutionListener@1c6e0a08, org.springframework.boot.test.autoconfigure.web.client.MockRestServiceServerResetTestExecutionListener@6dba847b, org.springframework.boot.test.autoconfigure.web.servlet.MockMvcPrintOnlyOnFailureTestExecutionListener@1efdcd5, org.springframework.boot.test.autoconfigure.web.servlet.WebDriverTestExecutionListener@1623bbe5]
[2020-01-26 19:25:08] [main] INFO  c.b.boot.integration.GetVersionStep - Starting GetVersionStep on DESKTOP-4MFQ21B with PID 20308 (started by fli in C:\projects\jenkins\boot-pipeline)
[2020-01-26 19:25:08] [main] INFO  c.b.boot.integration.GetVersionStep - The following profiles are active: INTEGRATION_TEST
[2020-01-26 19:25:09] [main] INFO  o.s.d.r.c.RepositoryConfigurationDelegate - Bootstrapping Spring Data JPA repositories in DEFAULT mode.
[2020-01-26 19:25:09] [main] INFO  o.s.d.r.c.RepositoryConfigurationDelegate - Finished Spring Data repository scanning in 58ms. Found 1 JPA repository interfaces.
[2020-01-26 19:25:10] [main] INFO  o.s.c.s.PostProcessorRegistrationDelegate$BeanPostProcessorChecker - Bean 'org.springframework.retry.annotation.RetryConfiguration' of type [org.springframework.retry.annotation.RetryConfiguration$$EnhancerBySpringCGLIB$$cb12d545] is not eligible for getting processed by all BeanPostProcessors (for example: not eligible for auto-proxying)
[2020-01-26 19:25:10] [main] INFO  o.s.c.s.PostProcessorRegistrationDelegate$BeanPostProcessorChecker - Bean 'org.springframework.transaction.annotation.ProxyTransactionManagementConfiguration' of type [org.springframework.transaction.annotation.ProxyTransactionManagementConfiguration] is not eligible for getting processed by all BeanPostProcessors (for example: not eligible for auto-proxying)
[2020-01-26 19:25:11] [main] INFO  o.s.b.w.e.tomcat.TomcatWebServer - Tomcat initialized with port(s): 0 (http)
[2020-01-26 19:25:11] [main] INFO  o.a.coyote.http11.Http11NioProtocol - Initializing ProtocolHandler ["http-nio-auto-1"]
[2020-01-26 19:25:11] [main] INFO  o.a.catalina.core.StandardService - Starting service [Tomcat]
[2020-01-26 19:25:11] [main] INFO  o.a.catalina.core.StandardEngine - Starting Servlet engine: [Apache Tomcat/9.0.30]
[2020-01-26 19:25:11] [main] INFO  o.a.c.c.C.[Tomcat].[localhost].[/] - Initializing Spring embedded WebApplicationContext
[2020-01-26 19:25:11] [main] INFO  o.s.web.context.ContextLoader - Root WebApplicationContext: initialization completed in 2384 ms
[2020-01-26 19:25:11] [main] INFO  o.h.jpa.internal.util.LogHelper - HHH000204: Processing PersistenceUnitInfo [name: default]
[2020-01-26 19:25:11] [main] INFO  org.hibernate.Version - HHH000412: Hibernate Core {5.4.10.Final}
[2020-01-26 19:25:11] [main] INFO  o.h.annotations.common.Version - HCANN000001: Hibernate Commons Annotations {5.1.0.Final}
[2020-01-26 19:25:12] [main] INFO  com.zaxxer.hikari.HikariDataSource - HikariPool-1 - Starting...
[2020-01-26 19:25:12] [main] INFO  com.zaxxer.hikari.HikariDataSource - HikariPool-1 - Start completed.
[2020-01-26 19:25:12] [main] INFO  org.hibernate.dialect.Dialect - HHH000400: Using dialect: org.hibernate.dialect.H2Dialect
[2020-01-26 19:25:13] [main] INFO  o.h.e.t.j.p.i.JtaPlatformInitiator - HHH000490: Using JtaPlatform implementation: [org.hibernate.engine.transaction.jta.platform.internal.NoJtaPlatform]
[2020-01-26 19:25:13] [main] INFO  o.s.o.j.LocalContainerEntityManagerFactoryBean - Initialized JPA EntityManagerFactory for persistence unit 'default'
[2020-01-26 19:25:13] [main] WARN  o.s.b.a.o.j.JpaBaseConfiguration$JpaWebConfiguration - spring.jpa.open-in-view is enabled by default. Therefore, database queries may be performed during view rendering. Explicitly configure spring.jpa.open-in-view to disable this warning
[2020-01-26 19:25:14] [main] INFO  o.s.b.a.e.web.EndpointLinksResolver - Exposing 2 endpoint(s) beneath base path '/actuator'
[2020-01-26 19:25:14] [main] INFO  s.d.s.w.PropertySourcedRequestMappingHandlerMapping - Mapped URL path [/v2/api-docs] onto method [springfox.documentation.swagger2.web.Swagger2Controller#getDocumentation(String, HttpServletRequest)]
[2020-01-26 19:25:14] [main] INFO  o.s.s.c.ThreadPoolTaskExecutor - Initializing ExecutorService 'applicationTaskExecutor'
[2020-01-26 19:25:14] [main] INFO  o.s.s.c.ThreadPoolTaskScheduler - Initializing ExecutorService 'taskScheduler'
[2020-01-26 19:25:14] [main] INFO  s.d.s.w.p.DocumentationPluginsBootstrapper - Context refreshed
[2020-01-26 19:25:14] [main] INFO  s.d.s.w.p.DocumentationPluginsBootstrapper - Found 1 custom documentation plugin(s)
[2020-01-26 19:25:14] [main] INFO  s.d.s.w.s.ApiListingReferenceScanner - Scanning for api listing references
[2020-01-26 19:25:14] [main] INFO  s.d.s.w.r.o.CachingOperationNameGenerator - Generating unique operation named: handleUsingGET_1
[2020-01-26 19:25:14] [main] INFO  s.d.s.w.r.o.CachingOperationNameGenerator - Generating unique operation named: handleUsingGET_2
[2020-01-26 19:25:14] [main] INFO  o.a.coyote.http11.Http11NioProtocol - Starting ProtocolHandler ["http-nio-auto-1"]
[2020-01-26 19:25:15] [main] INFO  o.s.b.w.e.tomcat.TomcatWebServer - Tomcat started on port(s): 63791 (http) with context path ''
[2020-01-26 19:25:15] [main] INFO  c.b.boot.integration.GetVersionStep - Started GetVersionStep in 6.776 seconds (JVM running for 8.035)
[2020-01-26 19:25:15] [http-nio-auto-1-exec-1] INFO  o.a.c.c.C.[Tomcat].[localhost].[/] - Initializing Spring DispatcherServlet 'dispatcherServlet'
[2020-01-26 19:25:15] [http-nio-auto-1-exec-1] INFO  o.s.web.servlet.DispatcherServlet - Initializing Servlet 'dispatcherServlet'
[2020-01-26 19:25:15] [http-nio-auto-1-exec-1] INFO  o.s.web.servlet.DispatcherServlet - Completed initialization in 31 ms
[2020-01-26 19:25:15] [main] INFO  o.s.t.c.s.AbstractContextLoader - Could not detect default resource locations for test class [com.bpwizard.boot.integration.CucumberRoot]: no resource found for suffixes {-context.xml, Context.groovy}.
[2020-01-26 19:25:15] [main] INFO  o.s.b.t.c.SpringBootTestContextBootstrapper - Loaded default TestExecutionListener class names from location [META-INF/spring.factories]: [org.springframework.boot.test.mock.mockito.MockitoTestExecutionListener, org.springframework.boot.test.mock.mockito.ResetMocksTestExecutionListener, org.springframework.boot.test.autoconfigure.restdocs.RestDocsTestExecutionListener, org.springframework.boot.test.autoconfigure.web.client.MockRestServiceServerResetTestExecutionListener, org.springframework.boot.test.autoconfigure.web.servlet.MockMvcPrintOnlyOnFailureTestExecutionListener, org.springframework.boot.test.autoconfigure.web.servlet.WebDriverTestExecutionListener, org.springframework.test.context.web.ServletTestExecutionListener, org.springframework.test.context.support.DirtiesContextBeforeModesTestExecutionListener, org.springframework.test.context.support.DependencyInjectionTestExecutionListener, org.springframework.test.context.support.DirtiesContextTestExecutionListener, org.springframework.test.context.transaction.TransactionalTestExecutionListener, org.springframework.test.context.jdbc.SqlScriptsTestExecutionListener, org.springframework.test.context.event.EventPublishingTestExecutionListener]
[2020-01-26 19:25:15] [main] INFO  o.s.b.t.c.SpringBootTestContextBootstrapper - Using TestExecutionListeners: [org.springframework.test.context.web.ServletTestExecutionListener@7acb8e6b, org.springframework.test.context.support.DirtiesContextBeforeModesTestExecutionListener@6c758c74, org.springframework.boot.test.mock.mockito.MockitoTestExecutionListener@5a32ab89, org.springframework.boot.test.autoconfigure.SpringBootDependencyInjectionTestExecutionListener@8dcc25, org.springframework.test.context.support.DirtiesContextTestExecutionListener@2693b289, org.springframework.test.context.transaction.TransactionalTestExecutionListener@66c58c03, org.springframework.test.context.jdbc.SqlScriptsTestExecutionListener@29e40db1, org.springframework.test.context.event.EventPublishingTestExecutionListener@47e6004c, org.springframework.boot.test.mock.mockito.ResetMocksTestExecutionListener@7c5ae5c3, org.springframework.boot.test.autoconfigure.restdocs.RestDocsTestExecutionListener@36b5dbdf, org.springframework.boot.test.autoconfigure.web.client.MockRestServiceServerResetTestExecutionListener@3f35d13d, org.springframework.boot.test.autoconfigure.web.servlet.MockMvcPrintOnlyOnFailureTestExecutionListener@482652f7, org.springframework.boot.test.autoconfigure.web.servlet.WebDriverTestExecutionListener@63f9c2cd]
[2020-01-26 19:25:15] [SpringContextShutdownHook] INFO  o.s.s.c.ThreadPoolTaskScheduler - Shutting down ExecutorService 'taskScheduler'
[2020-01-26 19:25:15] [SpringContextShutdownHook] INFO  o.s.s.c.ThreadPoolTaskExecutor - Shutting down ExecutorService 'applicationTaskExecutor'
[2020-01-26 19:25:15] [SpringContextShutdownHook] INFO  o.s.o.j.LocalContainerEntityManagerFactoryBean - Closing JPA EntityManagerFactory for persistence unit 'default'
[2020-01-26 19:25:15] [SpringContextShutdownHook] INFO  com.zaxxer.hikari.HikariDataSource - HikariPool-1 - Shutdown initiated...
[2020-01-26 19:25:15] [SpringContextShutdownHook] INFO  com.zaxxer.hikari.HikariDataSource - HikariPool-1 - Shutdown completed.
[2020-01-26 19:43:47] [main] INFO  o.s.t.c.s.AbstractContextLoader - Could not detect default resource locations for test class [com.bpwizard.boot.integration.CucumberRoot]: no resource found for suffixes {-context.xml, Context.groovy}.
[2020-01-26 19:43:47] [main] INFO  o.s.b.t.c.SpringBootTestContextBootstrapper - Loaded default TestExecutionListener class names from location [META-INF/spring.factories]: [org.springframework.boot.test.mock.mockito.MockitoTestExecutionListener, org.springframework.boot.test.mock.mockito.ResetMocksTestExecutionListener, org.springframework.boot.test.autoconfigure.restdocs.RestDocsTestExecutionListener, org.springframework.boot.test.autoconfigure.web.client.MockRestServiceServerResetTestExecutionListener, org.springframework.boot.test.autoconfigure.web.servlet.MockMvcPrintOnlyOnFailureTestExecutionListener, org.springframework.boot.test.autoconfigure.web.servlet.WebDriverTestExecutionListener, org.springframework.test.context.web.ServletTestExecutionListener, org.springframework.test.context.support.DirtiesContextBeforeModesTestExecutionListener, org.springframework.test.context.support.DependencyInjectionTestExecutionListener, org.springframework.test.context.support.DirtiesContextTestExecutionListener, org.springframework.test.context.transaction.TransactionalTestExecutionListener, org.springframework.test.context.jdbc.SqlScriptsTestExecutionListener, org.springframework.test.context.event.EventPublishingTestExecutionListener]
[2020-01-26 19:43:47] [main] INFO  o.s.b.t.c.SpringBootTestContextBootstrapper - Using TestExecutionListeners: [org.springframework.test.context.web.ServletTestExecutionListener@3b8ee898, org.springframework.test.context.support.DirtiesContextBeforeModesTestExecutionListener@7d151a, org.springframework.boot.test.mock.mockito.MockitoTestExecutionListener@294bdeb4, org.springframework.boot.test.autoconfigure.SpringBootDependencyInjectionTestExecutionListener@5300f14a, org.springframework.test.context.support.DirtiesContextTestExecutionListener@1f86099a, org.springframework.test.context.transaction.TransactionalTestExecutionListener@77bb0ab5, org.springframework.test.context.jdbc.SqlScriptsTestExecutionListener@f2c488, org.springframework.test.context.event.EventPublishingTestExecutionListener@54acff7d, org.springframework.boot.test.mock.mockito.ResetMocksTestExecutionListener@7bc9e6ab, org.springframework.boot.test.autoconfigure.restdocs.RestDocsTestExecutionListener@5488b5c5, org.springframework.boot.test.autoconfigure.web.client.MockRestServiceServerResetTestExecutionListener@4248ed58, org.springframework.boot.test.autoconfigure.web.servlet.MockMvcPrintOnlyOnFailureTestExecutionListener@712ca57b, org.springframework.boot.test.autoconfigure.web.servlet.WebDriverTestExecutionListener@4564e94b]
[2020-01-26 19:43:47] [main] INFO  c.b.boot.integration.GetHealthStep - Starting GetHealthStep on DESKTOP-4MFQ21B with PID 19960 (started by fli in C:\projects\jenkins\boot-pipeline)
[2020-01-26 19:43:47] [main] INFO  c.b.boot.integration.GetHealthStep - The following profiles are active: INTEGRATION_TEST
[2020-01-26 19:43:48] [main] INFO  o.s.d.r.c.RepositoryConfigurationDelegate - Bootstrapping Spring Data JPA repositories in DEFAULT mode.
[2020-01-26 19:43:48] [main] INFO  o.s.d.r.c.RepositoryConfigurationDelegate - Finished Spring Data repository scanning in 64ms. Found 1 JPA repository interfaces.
[2020-01-26 19:43:49] [main] INFO  o.s.c.s.PostProcessorRegistrationDelegate$BeanPostProcessorChecker - Bean 'org.springframework.retry.annotation.RetryConfiguration' of type [org.springframework.retry.annotation.RetryConfiguration$$EnhancerBySpringCGLIB$$9361aec8] is not eligible for getting processed by all BeanPostProcessors (for example: not eligible for auto-proxying)
[2020-01-26 19:43:49] [main] INFO  o.s.c.s.PostProcessorRegistrationDelegate$BeanPostProcessorChecker - Bean 'org.springframework.transaction.annotation.ProxyTransactionManagementConfiguration' of type [org.springframework.transaction.annotation.ProxyTransactionManagementConfiguration] is not eligible for getting processed by all BeanPostProcessors (for example: not eligible for auto-proxying)
[2020-01-26 19:43:49] [main] INFO  o.s.b.w.e.tomcat.TomcatWebServer - Tomcat initialized with port(s): 0 (http)
[2020-01-26 19:43:49] [main] INFO  o.a.coyote.http11.Http11NioProtocol - Initializing ProtocolHandler ["http-nio-auto-1"]
[2020-01-26 19:43:49] [main] INFO  o.a.catalina.core.StandardService - Starting service [Tomcat]
[2020-01-26 19:43:49] [main] INFO  o.a.catalina.core.StandardEngine - Starting Servlet engine: [Apache Tomcat/9.0.30]
[2020-01-26 19:43:50] [main] INFO  o.a.c.c.C.[Tomcat].[localhost].[/] - Initializing Spring embedded WebApplicationContext
[2020-01-26 19:43:50] [main] INFO  o.s.web.context.ContextLoader - Root WebApplicationContext: initialization completed in 2302 ms
[2020-01-26 19:43:50] [main] INFO  o.h.jpa.internal.util.LogHelper - HHH000204: Processing PersistenceUnitInfo [name: default]
[2020-01-26 19:43:50] [main] INFO  org.hibernate.Version - HHH000412: Hibernate Core {5.4.10.Final}
[2020-01-26 19:43:50] [main] INFO  o.h.annotations.common.Version - HCANN000001: Hibernate Commons Annotations {5.1.0.Final}
[2020-01-26 19:43:51] [main] INFO  com.zaxxer.hikari.HikariDataSource - HikariPool-1 - Starting...
[2020-01-26 19:43:51] [main] INFO  com.zaxxer.hikari.HikariDataSource - HikariPool-1 - Start completed.
[2020-01-26 19:43:51] [main] INFO  org.hibernate.dialect.Dialect - HHH000400: Using dialect: org.hibernate.dialect.H2Dialect
[2020-01-26 19:43:52] [main] INFO  o.h.e.t.j.p.i.JtaPlatformInitiator - HHH000490: Using JtaPlatform implementation: [org.hibernate.engine.transaction.jta.platform.internal.NoJtaPlatform]
[2020-01-26 19:43:52] [main] INFO  o.s.o.j.LocalContainerEntityManagerFactoryBean - Initialized JPA EntityManagerFactory for persistence unit 'default'
[2020-01-26 19:43:52] [main] WARN  o.s.b.a.o.j.JpaBaseConfiguration$JpaWebConfiguration - spring.jpa.open-in-view is enabled by default. Therefore, database queries may be performed during view rendering. Explicitly configure spring.jpa.open-in-view to disable this warning
[2020-01-26 19:43:53] [main] INFO  o.s.b.a.e.web.EndpointLinksResolver - Exposing 2 endpoint(s) beneath base path '/actuator'
[2020-01-26 19:43:53] [main] INFO  s.d.s.w.PropertySourcedRequestMappingHandlerMapping - Mapped URL path [/v2/api-docs] onto method [springfox.documentation.swagger2.web.Swagger2Controller#getDocumentation(String, HttpServletRequest)]
[2020-01-26 19:43:53] [main] INFO  o.s.s.c.ThreadPoolTaskExecutor - Initializing ExecutorService 'applicationTaskExecutor'
[2020-01-26 19:43:53] [main] INFO  o.s.s.c.ThreadPoolTaskScheduler - Initializing ExecutorService 'taskScheduler'
[2020-01-26 19:43:53] [main] INFO  s.d.s.w.p.DocumentationPluginsBootstrapper - Context refreshed
[2020-01-26 19:43:53] [main] INFO  s.d.s.w.p.DocumentationPluginsBootstrapper - Found 1 custom documentation plugin(s)
[2020-01-26 19:43:53] [main] INFO  s.d.s.w.s.ApiListingReferenceScanner - Scanning for api listing references
[2020-01-26 19:43:54] [main] INFO  s.d.s.w.r.o.CachingOperationNameGenerator - Generating unique operation named: handleUsingGET_1
[2020-01-26 19:43:54] [main] INFO  s.d.s.w.r.o.CachingOperationNameGenerator - Generating unique operation named: handleUsingGET_2
[2020-01-26 19:43:54] [main] INFO  o.a.coyote.http11.Http11NioProtocol - Starting ProtocolHandler ["http-nio-auto-1"]
[2020-01-26 19:43:54] [main] INFO  o.s.b.w.e.tomcat.TomcatWebServer - Tomcat started on port(s): 64036 (http) with context path ''
[2020-01-26 19:43:54] [main] INFO  c.b.boot.integration.GetHealthStep - Started GetHealthStep in 6.864 seconds (JVM running for 8.215)
[2020-01-26 19:43:54] [http-nio-auto-1-exec-1] INFO  o.a.c.c.C.[Tomcat].[localhost].[/] - Initializing Spring DispatcherServlet 'dispatcherServlet'
[2020-01-26 19:43:54] [http-nio-auto-1-exec-1] INFO  o.s.web.servlet.DispatcherServlet - Initializing Servlet 'dispatcherServlet'
[2020-01-26 19:43:54] [http-nio-auto-1-exec-1] INFO  o.s.web.servlet.DispatcherServlet - Completed initialization in 25 ms
[2020-01-26 19:43:54] [main] INFO  o.s.t.c.s.AbstractContextLoader - Could not detect default resource locations for test class [com.bpwizard.boot.integration.CucumberRoot]: no resource found for suffixes {-context.xml, Context.groovy}.
[2020-01-26 19:43:54] [main] INFO  o.s.b.t.c.SpringBootTestContextBootstrapper - Loaded default TestExecutionListener class names from location [META-INF/spring.factories]: [org.springframework.boot.test.mock.mockito.MockitoTestExecutionListener, org.springframework.boot.test.mock.mockito.ResetMocksTestExecutionListener, org.springframework.boot.test.autoconfigure.restdocs.RestDocsTestExecutionListener, org.springframework.boot.test.autoconfigure.web.client.MockRestServiceServerResetTestExecutionListener, org.springframework.boot.test.autoconfigure.web.servlet.MockMvcPrintOnlyOnFailureTestExecutionListener, org.springframework.boot.test.autoconfigure.web.servlet.WebDriverTestExecutionListener, org.springframework.test.context.web.ServletTestExecutionListener, org.springframework.test.context.support.DirtiesContextBeforeModesTestExecutionListener, org.springframework.test.context.support.DependencyInjectionTestExecutionListener, org.springframework.test.context.support.DirtiesContextTestExecutionListener, org.springframework.test.context.transaction.TransactionalTestExecutionListener, org.springframework.test.context.jdbc.SqlScriptsTestExecutionListener, org.springframework.test.context.event.EventPublishingTestExecutionListener]
[2020-01-26 19:43:54] [main] INFO  o.s.b.t.c.SpringBootTestContextBootstrapper - Using TestExecutionListeners: [org.springframework.test.context.web.ServletTestExecutionListener@1ad4ff2a, org.springframework.test.context.support.DirtiesContextBeforeModesTestExecutionListener@625ae6d, org.springframework.boot.test.mock.mockito.MockitoTestExecutionListener@207bf6d8, org.springframework.boot.test.autoconfigure.SpringBootDependencyInjectionTestExecutionListener@5cdb7b, org.springframework.test.context.support.DirtiesContextTestExecutionListener@3dcc59f5, org.springframework.test.context.transaction.TransactionalTestExecutionListener@16b1dee7, org.springframework.test.context.jdbc.SqlScriptsTestExecutionListener@690337df, org.springframework.test.context.event.EventPublishingTestExecutionListener@f62ae87, org.springframework.boot.test.mock.mockito.ResetMocksTestExecutionListener@50be5d6f, org.springframework.boot.test.autoconfigure.restdocs.RestDocsTestExecutionListener@48e0e779, org.springframework.boot.test.autoconfigure.web.client.MockRestServiceServerResetTestExecutionListener@38ad8c75, org.springframework.boot.test.autoconfigure.web.servlet.MockMvcPrintOnlyOnFailureTestExecutionListener@22a10b71, org.springframework.boot.test.autoconfigure.web.servlet.WebDriverTestExecutionListener@d67f6f]
[2020-01-26 19:43:54] [SpringContextShutdownHook] INFO  o.s.s.c.ThreadPoolTaskScheduler - Shutting down ExecutorService 'taskScheduler'
[2020-01-26 19:43:54] [SpringContextShutdownHook] INFO  o.s.s.c.ThreadPoolTaskExecutor - Shutting down ExecutorService 'applicationTaskExecutor'
[2020-01-26 19:43:54] [SpringContextShutdownHook] INFO  o.s.o.j.LocalContainerEntityManagerFactoryBean - Closing JPA EntityManagerFactory for persistence unit 'default'
[2020-01-26 19:43:54] [SpringContextShutdownHook] INFO  com.zaxxer.hikari.HikariDataSource - HikariPool-1 - Shutdown initiated...
[2020-01-26 19:43:55] [SpringContextShutdownHook] INFO  com.zaxxer.hikari.HikariDataSource - HikariPool-1 - Shutdown completed.
